<?xml version="1.0" encoding="UTF-8"?>
<testsuite xmlns:xsi="http://www.w3.org/2001/XMLSchema-instance" xsi:noNamespaceSchemaLocation="https://maven.apache.org/surefire/maven-surefire-plugin/xsd/surefire-test-report-3.0.xsd" version="3.0" name="com.tradiesKraken.TradiesKrakenApplicationTests" time="15.29" tests="1" errors="0" skipped="0" failures="0">
  <properties>
[...]
</properties>
  <testcase name="contextLoads" classname="com.tradiesKraken.TradiesKrakenApplicationTests" time="0.988">
    <system-out><![CDATA[07:17:34.622 [main] INFO org.springframework.test.context.support.AnnotationConfigContextLoaderUtils -- Could not detect default configuration classes for test class [com.tradiesKraken.TradiesKrakenApplicationTests]: TradiesKrakenApplicationTests does not declare any static, non-private, non-final, nested classes annotated with @Configuration.
07:17:35.299 [main] INFO org.springframework.boot.test.context.SpringBootTestContextBootstrapper -- Found @SpringBootConfiguration com.tradiesKraken.TradiesKrakenApplication for test class com.tradiesKraken.TradiesKrakenApplicationTests

  .   ____          _            __ _ _
 /\\ / ___'_ __ _ _(_)_ __  __ _ \ \ \ \
( ( )\___ | '_ | '_| | '_ \/ _` | \ \ \ \
 \\/  ___)| |_)| | | | | || (_| |  ) ) ) )
  '  |____| .__|_| |_|_| |_\__, | / / / /
 =========|_|==============|___/=/_/_/_/
 :: Spring Boot ::                (v3.1.4)

2023-10-15T07:17:36.704+05:30  INFO 12336 --- [           main] c.t.TradiesKrakenApplicationTests        : Starting TradiesKrakenApplicationTests using Java 19.0.2 with PID 12336 (started by DIPENDRA  BHATT in D:\Kraken(Tradies)\tradies-hackathon-\backend)
2023-10-15T07:17:36.706+05:30  INFO 12336 --- [           main] c.t.TradiesKrakenApplicationTests        : No active profile set, falling back to 1 default profile: "default"
2023-10-15T07:17:38.913+05:30  INFO 12336 --- [           main] .s.d.r.c.RepositoryConfigurationDelegate : Bootstrapping Spring Data JPA repositories in DEFAULT mode.
2023-10-15T07:17:39.103+05:30  INFO 12336 --- [           main] .s.d.r.c.RepositoryConfigurationDelegate : Finished Spring Data repository scanning in 173 ms. Found 8 JPA repository interfaces.
2023-10-15T07:17:40.174+05:30  INFO 12336 --- [           main] o.hibernate.jpa.internal.util.LogHelper  : HHH000204: Processing PersistenceUnitInfo [name: default]
2023-10-15T07:17:40.320+05:30  INFO 12336 --- [           main] org.hibernate.Version                    : HHH000412: Hibernate ORM core version 6.2.9.Final
2023-10-15T07:17:40.320+05:30  INFO 12336 --- [           main] org.hibernate.cfg.Environment            : HHH000406: Using bytecode reflection optimizer
2023-10-15T07:17:40.745+05:30  INFO 12336 --- [           main] o.h.b.i.BytecodeProviderInitiator        : HHH000021: Bytecode provider name : bytebuddy
2023-10-15T07:17:41.050+05:30  INFO 12336 --- [           main] o.s.o.j.p.SpringPersistenceUnitInfo      : No LoadTimeWeaver setup: ignoring JPA class transformer
2023-10-15T07:17:41.097+05:30  INFO 12336 --- [           main] com.zaxxer.hikari.HikariDataSource       : HikariPool-1 - Starting...
2023-10-15T07:17:41.825+05:30  INFO 12336 --- [           main] com.zaxxer.hikari.pool.HikariPool        : HikariPool-1 - Added connection com.mysql.cj.jdbc.ConnectionImpl@26865b57
2023-10-15T07:17:41.825+05:30  INFO 12336 --- [           main] com.zaxxer.hikari.HikariDataSource       : HikariPool-1 - Start completed.
2023-10-15T07:17:42.476+05:30  INFO 12336 --- [           main] o.h.b.i.BytecodeProviderInitiator        : HHH000021: Bytecode provider name : bytebuddy
2023-10-15T07:17:43.830+05:30  INFO 12336 --- [           main] o.h.e.t.j.p.i.JtaPlatformInitiator       : HHH000490: Using JtaPlatform implementation: [org.hibernate.engine.transaction.jta.platform.internal.NoJtaPlatform]
Hibernate: alter table location modify column latitude float(53) not null
Hibernate: alter table location modify column longitude float(53) not null
2023-10-15T07:17:44.371+05:30  INFO 12336 --- [           main] j.LocalContainerEntityManagerFactoryBean : Initialized JPA EntityManagerFactory for persistence unit 'default'
2023-10-15T07:17:45.733+05:30  WARN 12336 --- [           main] JpaBaseConfiguration$JpaWebConfiguration : spring.jpa.open-in-view is enabled by default. Therefore, database queries may be performed during view rendering. Explicitly configure spring.jpa.open-in-view to disable this warning
2023-10-15T07:17:45.940+05:30  INFO 12336 --- [           main] o.s.s.web.DefaultSecurityFilterChain     : Will secure any request with [org.springframework.security.web.session.DisableEncodeUrlFilter@6aaed880, org.springframework.security.web.context.request.async.WebAsyncManagerIntegrationFilter@9bd477c, org.springframework.security.web.context.SecurityContextHolderFilter@2d4aadc, org.springframework.security.web.header.HeaderWriterFilter@569d6e0d, org.springframework.web.filter.CorsFilter@7444714e, org.springframework.security.web.authentication.logout.LogoutFilter@360432d3, com.tradiesKraken.Config.JwtAuthenticationFilter@4607cbe2, org.springframework.security.web.authentication.UsernamePasswordAuthenticationFilter@7c9b0c16, org.springframework.security.web.authentication.ui.DefaultLoginPageGeneratingFilter@58397dd, org.springframework.security.web.authentication.ui.DefaultLogoutPageGeneratingFilter@6b3708f0, org.springframework.security.web.authentication.www.BasicAuthenticationFilter@56a6aadb, org.springframework.security.web.savedrequest.RequestCacheAwareFilter@20e8286a, org.springframework.security.web.servletapi.SecurityContextHolderAwareRequestFilter@2a0d8df8, org.springframework.security.web.authentication.AnonymousAuthenticationFilter@77c1a7ce, org.springframework.security.web.session.SessionManagementFilter@18edbed9, org.springframework.security.web.access.ExceptionTranslationFilter@6557dcea, org.springframework.security.web.access.intercept.AuthorizationFilter@5013c6bc]
2023-10-15T07:17:48.157+05:30  INFO 12336 --- [           main] c.t.TradiesKrakenApplicationTests        : Started TradiesKrakenApplicationTests in 12.35 seconds (process running for 15.576)
]]></system-out>
  </testcase>
</testsuite>